<?xml version="1.0" encoding="UTF-8"?>
<!-- Generated by org.testng.reporters.JUnitReportReporter -->
<testsuite hostname="DESKTOP-RFGG51U" failures="0" tests="1" name="test.SampleTestNg" time="0.040" errors="0" timestamp="2024-02-16T11:34:30 IST" skipped="0">
  <testcase classname="test.SampleTestNg" name="testM" time="0.040"/>
  <system-out/>
</testsuite> <!-- test.SampleTestNg -->
