<?xml version="1.0" encoding="UTF-8"?>
<!-- Generated by org.testng.reporters.JUnitReportReporter -->
<testsuite hostname="DESKTOP-RFGG51U" failures="0" tests="2" name="test.TestNgAttributes" time="0.062" errors="0" timestamp="2024-02-16T12:46:39 IST" skipped="0">
  <testcase classname="test.TestNgAttributes" name="test3" time="0.059"/>
  <system-out/>
  <testcase classname="test.TestNgAttributes" name="test1" time="0.003"/>
  <system-out/>
</testsuite> <!-- test.TestNgAttributes -->
