<?xml version="1.0" encoding="UTF-8"?>
<!-- Generated by org.testng.reporters.JUnitReportReporter -->
<testsuite hostname="DESKTOP-RFGG51U" failures="0" tests="2" name="test.TC001_LoginTest" time="32.662" errors="0" timestamp="2024-02-23T12:09:09 IST" skipped="0">
  <testcase classname="test.TC001_LoginTest" name="loginTest" time="20.364"/>
  <testcase classname="test.TC001_LoginTest" name="loginTest" time="12.298"/>
</testsuite> <!-- test.TC001_LoginTest -->
